D:\Program Files (x86)\Microsoft Visual Studio\2019\Professional\MSBuild\Microsoft\VC\v160\Microsoft.CppBuild.targets(519,5): warning MSB8028: 中间目录(Debug\)包含从另一个项目(rtklib.vcxproj)共享的文件。   这会导致错误的清除和重新生成行为。
  ppp.c
  convgpx.c
  convkml.c
  convrnx.c
  datum.c
  download.c
D:\gamp\rtklib\rtklib\src\download.c(320,9): warning C4101: “stat”: 未引用的局部变量
D:\gamp\rtklib\rtklib\src\download.c(503,22): warning C4101: “remot_p”: 未引用的局部变量
D:\gamp\rtklib\rtklib\src\download.c(774,12): warning C4101: “tow”: 未引用的局部变量
  ephemeris.c
  geoid.c
  gis.c
D:\gamp\rtklib\rtklib\src\gis.c(312,25): warning C4101: “q”: 未引用的局部变量
  ionex.c
  lambda.c
  options.c
  pntpos.c
  postpos.c
  ppp_ar.c
  ppp_corr.c
  preceph.c
  qzslex.c
  rcvraw.c
  binex.c
D:\gamp\rtklib\rtklib\src\rcv\binex.c(1095,31): warning C4244: “=”: 从“double”转换到“float”，可能丢失数据
D:\gamp\rtklib\rtklib\src\rcv\binex.c(1120,31): warning C4244: “=”: 从“double”转换到“float”，可能丢失数据
  正在生成代码...
  正在编译...
  cmr.c
D:\gamp\rtklib\rtklib\src\rcv\cmr.c(2440,31): warning C4244: “=”: 从“double”转换到“time_t”，可能丢失数据
D:\gamp\rtklib\rtklib\src\rcv\cmr.c(2557,38): warning C4244: “=”: 从“double”转换到“unsigned char”，可能丢失数据
D:\gamp\rtklib\rtklib\src\rcv\cmr.c(2558,38): warning C4244: “=”: 从“double”转换到“unsigned char”，可能丢失数据
  crescent.c
  gw10.c
  javad.c
  novatel.c
  nvs.c
D:\gamp\rtklib\rtklib\src\rcv\nvs.c(105,46): warning C4244: “=”: 从“double”转换到“int”，可能丢失数据
D:\gamp\rtklib\rtklib\src\rcv\nvs.c(267,29): warning C4244: “=”: 从“double”转换到“int”，可能丢失数据
  rcvlex.c
  rt17.c
D:\gamp\rtklib\rtklib\src\rcv\rt17.c(1781,42): warning C4244: “=”: 从“double”转换到“unsigned char”，可能丢失数据
D:\gamp\rtklib\rtklib\src\rcv\rt17.c(1794,34): warning C4244: “=”: 从“double”转换到“float”，可能丢失数据
D:\gamp\rtklib\rtklib\src\rcv\rt17.c(1804,42): warning C4244: “=”: 从“double”转换到“unsigned char”，可能丢失数据
D:\gamp\rtklib\rtklib\src\rcv\rt17.c(1830,34): warning C4244: “=”: 从“double”转换到“float”，可能丢失数据
  septentrio.c
D:\gamp\rtklib\rtklib\src\rcv\septentrio.c(369,33): warning C4244: “=”: 从“int16_t”转换到“unsigned char”，可能丢失数据
D:\gamp\rtklib\rtklib\src\rcv\septentrio.c(406,44): warning C4244: “=”: 从“int16_t”转换到“unsigned char”，可能丢失数据
D:\gamp\rtklib\rtklib\src\rcv\septentrio.c(414,52): warning C4244: “=”: 从“uint16_t”转换到“unsigned char”，可能丢失数据
  skytraq.c
D:\gamp\rtklib\rtklib\src\rcv\skytraq.c(197,52): warning C4244: “=”: 从“double”转换到“float”，可能丢失数据
D:\gamp\rtklib\rtklib\src\rcv\skytraq.c(319,21): warning C4244: “=”: 从“unsigned short”转换到“unsigned char”，可能丢失数据
D:\gamp\rtklib\rtklib\src\rcv\skytraq.c(326,52): warning C4244: “=”: 从“double”转换到“float”，可能丢失数据
  ss2.c
  tersus.c
  ublox.c
  rinex.c
D:\gamp\rtklib\rtklib\src\rinex.c(218,39): warning C4244: “return”: 从“double”转换到“int”，可能丢失数据
  rtcm.c
  rtcm2.c
  rtcm3.c
  rtcm3e.c
  rtkcmn.c
  rtkpos.c
  正在生成代码...
  正在编译...
  rtksvr.c
  sbas.c
  solution.c
  stream.c
D:\gamp\rtklib\rtklib\src\stream.c(775,12): warning C4101: “rs”: 未引用的局部变量
  streamsvr.c
  tides.c
  tle.c
  正在生成代码...
  rnx2rtkp.cpp
D:\Program Files (x86)\Microsoft Visual Studio\2019\Professional\VC\Tools\MSVC\14.28.29910\include\memory(3207,32): warning C4003: 类函数宏的调用“lock”参数不足
  rtklib.vcxproj -> D:\gamp\rtklib\Debug\rnx2rtkp.exe
